[0m07:46:20.966041 [debug] [MainThread]: Sending event: {'category': 'dbt', 'action': 'invocation', 'label': 'start', 'context': [<snowplow_tracker.self_describing_json.SelfDescribingJson object at 0x000001A4D5DBF670>, <snowplow_tracker.self_describing_json.SelfDescribingJson object at 0x000001A4D8720130>, <snowplow_tracker.self_describing_json.SelfDescribingJson object at 0x000001A4D8411B80>]}


============================== 07:46:20.970074 | 4502d830-4bf4-4bfe-8388-8c2a12011019 ==============================
[0m07:46:20.970074 [info ] [MainThread]: Running with dbt=1.8.7
[0m07:46:20.970074 [debug] [MainThread]: running dbt with arguments {'printer_width': '80', 'indirect_selection': 'eager', 'log_cache_events': 'False', 'write_json': 'True', 'partial_parse': 'True', 'cache_selected_only': 'False', 'profiles_dir': 'C:\\Users\\sudar\\.dbt', 'fail_fast': 'False', 'version_check': 'True', 'log_path': 'logs', 'warn_error': 'None', 'debug': 'False', 'use_colors': 'True', 'use_experimental_parser': 'False', 'empty': 'None', 'quiet': 'False', 'no_print': 'None', 'warn_error_options': 'WarnErrorOptions(include=[], exclude=[])', 'invocation_command': 'dbt init', 'static_parser': 'True', 'introspect': 'True', 'target_path': 'None', 'log_format': 'default', 'send_anonymous_usage_stats': 'True'}
[0m07:46:26.507374 [debug] [MainThread]: Starter project path: d:\extras\dbtlearn\venv\lib\site-packages\dbt\include\starter_project
[0m07:46:26.538983 [info ] [MainThread]: 
Your new dbt project "airbnb" was created!

For more information on how to configure the profiles.yml file,
please consult the dbt documentation here:

  https://docs.getdbt.com/docs/configure-your-profile

One more thing:

Need help? Don't hesitate to reach out to us via GitHub issues or on Slack:

  https://community.getdbt.com/

Happy modeling!

[0m07:46:26.541696 [info ] [MainThread]: Setting up your profile.
[0m07:48:19.612649 [info ] [MainThread]: Profile airbnb written to C:\Users\sudar\.dbt\profiles.yml using target's profile_template.yml and your supplied values. Run 'dbt debug' to validate the connection.
[0m07:48:19.615656 [debug] [MainThread]: Command `dbt init` succeeded at 07:48:19.614656 after 118.73 seconds
[0m07:48:19.616648 [debug] [MainThread]: Sending event: {'category': 'dbt', 'action': 'invocation', 'label': 'end', 'context': [<snowplow_tracker.self_describing_json.SelfDescribingJson object at 0x000001A4D5DBF670>, <snowplow_tracker.self_describing_json.SelfDescribingJson object at 0x000001A4D8411B80>, <snowplow_tracker.self_describing_json.SelfDescribingJson object at 0x000001A4D5C658E0>]}
[0m07:48:19.617651 [debug] [MainThread]: Flushing usage events
[0m07:48:29.142615 [debug] [MainThread]: Sending event: {'category': 'dbt', 'action': 'invocation', 'label': 'start', 'context': [<snowplow_tracker.self_describing_json.SelfDescribingJson object at 0x000002285D612640>, <snowplow_tracker.self_describing_json.SelfDescribingJson object at 0x00000228600EF4F0>, <snowplow_tracker.self_describing_json.SelfDescribingJson object at 0x00000228600EFD30>]}


============================== 07:48:29.146613 | d6ebda07-1446-4032-b6c5-1ed3fe09b7e3 ==============================
[0m07:48:29.146613 [info ] [MainThread]: Running with dbt=1.8.7
[0m07:48:29.147580 [debug] [MainThread]: running dbt with arguments {'printer_width': '80', 'indirect_selection': 'eager', 'log_cache_events': 'False', 'write_json': 'True', 'partial_parse': 'True', 'cache_selected_only': 'False', 'profiles_dir': 'C:\\Users\\sudar\\.dbt', 'debug': 'False', 'warn_error': 'None', 'log_path': 'logs', 'fail_fast': 'False', 'version_check': 'True', 'use_colors': 'True', 'use_experimental_parser': 'False', 'empty': 'None', 'quiet': 'False', 'no_print': 'None', 'warn_error_options': 'WarnErrorOptions(include=[], exclude=[])', 'invocation_command': 'dbt debug', 'log_format': 'default', 'introspect': 'True', 'target_path': 'None', 'static_parser': 'True', 'send_anonymous_usage_stats': 'True'}
[0m07:48:29.169132 [info ] [MainThread]: dbt version: 1.8.7
[0m07:48:29.170134 [info ] [MainThread]: python version: 3.8.10
[0m07:48:29.171134 [info ] [MainThread]: python path: d:\extras\dbtlearn\venv\scripts\python.exe
[0m07:48:29.172135 [info ] [MainThread]: os info: Windows-10-10.0.22631-SP0
[0m07:48:29.555023 [info ] [MainThread]: Error importing adapter: No module named 'dbt.adapters.bigquery'
[0m07:48:29.555830 [info ] [MainThread]: Using profiles dir at C:\Users\sudar\.dbt
[0m07:48:29.556843 [info ] [MainThread]: Using profiles.yml file at C:\Users\sudar\.dbt\profiles.yml
[0m07:48:29.556843 [info ] [MainThread]: Using dbt_project.yml file at D:\Extras\dbtlearn\dbt_project.yml
[0m07:48:29.557840 [info ] [MainThread]: Configuration:
[0m07:48:29.558839 [info ] [MainThread]:   profiles.yml file [[31mERROR invalid[0m]
[0m07:48:29.558839 [info ] [MainThread]:   dbt_project.yml file [[31mERROR not found[0m]
[0m07:48:29.559877 [info ] [MainThread]: Required dependencies:
[0m07:48:29.560840 [debug] [MainThread]: Executing "git --help"
[0m07:48:29.611875 [debug] [MainThread]: STDOUT: "b"usage: git [-v | --version] [-h | --help] [-C <path>] [-c <name>=<value>]\n           [--exec-path[=<path>]] [--html-path] [--man-path] [--info-path]\n           [-p | --paginate | -P | --no-pager] [--no-replace-objects] [--bare]\n           [--git-dir=<path>] [--work-tree=<path>] [--namespace=<name>]\n           [--config-env=<name>=<envvar>] <command> [<args>]\n\nThese are common Git commands used in various situations:\n\nstart a working area (see also: git help tutorial)\n   clone     Clone a repository into a new directory\n   init      Create an empty Git repository or reinitialize an existing one\n\nwork on the current change (see also: git help everyday)\n   add       Add file contents to the index\n   mv        Move or rename a file, a directory, or a symlink\n   restore   Restore working tree files\n   rm        Remove files from the working tree and from the index\n\nexamine the history and state (see also: git help revisions)\n   bisect    Use binary search to find the commit that introduced a bug\n   diff      Show changes between commits, commit and working tree, etc\n   grep      Print lines matching a pattern\n   log       Show commit logs\n   show      Show various types of objects\n   status    Show the working tree status\n\ngrow, mark and tweak your common history\n   branch    List, create, or delete branches\n   commit    Record changes to the repository\n   merge     Join two or more development histories together\n   rebase    Reapply commits on top of another base tip\n   reset     Reset current HEAD to the specified state\n   switch    Switch branches\n   tag       Create, list, delete or verify a tag object signed with GPG\n\ncollaborate (see also: git help workflows)\n   fetch     Download objects and refs from another repository\n   pull      Fetch from and integrate with another repository or a local branch\n   push      Update remote refs along with associated objects\n\n'git help -a' and 'git help -g' list available subcommands and some\nconcept guides. See 'git help <command>' or 'git help <concept>'\nto read about a specific subcommand or concept.\nSee 'git help git' for an overview of the system.\n""
[0m07:48:29.611875 [debug] [MainThread]: STDERR: "b''"
[0m07:48:29.612884 [info ] [MainThread]:  - git [[32mOK found[0m]

[0m07:48:29.613428 [info ] [MainThread]: Connection test skipped since no profile was found
[0m07:48:29.614438 [info ] [MainThread]: [31m2 checks failed:[0m
[0m07:48:29.615438 [info ] [MainThread]: Could not load dbt_project.yml
Profile loading failed for the following reason:
Runtime Error
  Credentials in profile "ecommerce", target "dev" invalid: Runtime Error
    Could not find adapter type bigquery!


[0m07:48:29.616442 [info ] [MainThread]: Project loading failed for the following reason:
 project path <D:\Extras\dbtlearn\dbt_project.yml> not found

[0m07:48:29.617441 [debug] [MainThread]: Command `dbt debug` failed at 07:48:29.617441 after 0.56 seconds
[0m07:48:29.618477 [debug] [MainThread]: Sending event: {'category': 'dbt', 'action': 'invocation', 'label': 'end', 'context': [<snowplow_tracker.self_describing_json.SelfDescribingJson object at 0x000002285D612640>, <snowplow_tracker.self_describing_json.SelfDescribingJson object at 0x0000022860E58850>, <snowplow_tracker.self_describing_json.SelfDescribingJson object at 0x00000228600E06A0>]}
[0m07:48:29.618477 [debug] [MainThread]: Flushing usage events
